<?xml version="1.0" encoding="UTF-8"?>
<!-- Generated by org.testng.reporters.JUnitReportReporter -->
<testsuite skipped="0" hostname="DESKTOP-C9OMQNM" name="RestAPI.users.DatabidingPractice" tests="1" failures="0" timestamp="29 Aug 2018 23:53:54 GMT" time="3.559" errors="0">
  <testcase name="test" time="3.559" classname="RestAPI.users.DatabidingPractice"/>
</testsuite> <!-- RestAPI.users.DatabidingPractice -->
