<?xml version="1.0" encoding="UTF-8"?>
<!-- Generated by org.testng.reporters.JUnitReportReporter -->
<testsuite skipped="0" hostname="DESKTOP-C9OMQNM" name="RestAPI.users.CustomSerilizeDeserlization" tests="1" failures="0" timestamp="30 Aug 2018 02:12:21 GMT" time="0.290" errors="0">
  <testcase name="test" time="0.290" classname="RestAPI.users.CustomSerilizeDeserlization"/>
</testsuite> <!-- RestAPI.users.CustomSerilizeDeserlization -->
