<?xml version="1.0" encoding="UTF-8"?>
<!-- Generated by org.testng.reporters.JUnitReportReporter -->
<testsuite skipped="0" hostname="DESKTOP-C9OMQNM" name="RestAPI.users.JsonPath_GOT" tests="1" failures="0" timestamp="30 Aug 2018 00:59:34 GMT" time="6.420" errors="0">
  <testcase name="testJsonPath" time="6.420" classname="RestAPI.users.JsonPath_GOT"/>
</testsuite> <!-- RestAPI.users.JsonPath_GOT -->
