<?xml version="1.0" encoding="UTF-8"?>
<!-- Generated by org.testng.reporters.JUnitReportReporter -->
<testsuite skipped="0" hostname="DESKTOP-C9OMQNM" name="Auth.JWT_Auth" tests="2" failures="0" timestamp="11 Sep 2018 00:12:21 GMT" time="1.254" errors="0">
  <testcase name="getTokenTest" time="0.427" classname="Auth.JWT_Auth"/>
  <testcase name="test" time="0.827" classname="Auth.JWT_Auth"/>
</testsuite> <!-- Auth.JWT_Auth -->
