<?xml version="1.0" encoding="UTF-8"?>
<!-- Generated by org.testng.reporters.JUnitReportReporter -->
<testsuite skipped="0" hostname="DESKTOP-C9OMQNM" name="RestAPI.testing.JsonPath_PRACTICE2" tests="4" failures="0" timestamp="10 Sep 2018 23:49:57 GMT" time="4.945" errors="2">
  <testcase name="simpleGetRequest" time="0.861" classname="RestAPI.testing.JsonPath_PRACTICE2"/>
  <testcase name="getAllDriverFirstName" time="1.892" classname="RestAPI.testing.JsonPath_PRACTICE2"/>
  <testcase name="PostAMedia" time="1.560" classname="RestAPI.testing.JsonPath_PRACTICE2">
    <error type="java.io.FileNotFoundException" message="\Your\Own\Path\To\png\imageFile.png (The system cannot find the path specified)">
      <![CDATA[java.io.FileNotFoundException: \Your\Own\Path\To\png\imageFile.png (The system cannot find the path specified)
at java.io.FileInputStream.open0(Native Method)
at java.io.FileInputStream.open(Unknown Source)
at java.io.FileInputStream.<init>(Unknown Source)
at org.apache.http.entity.mime.content.FileBody.writeTo(FileBody.java:116)
at org.apache.http.entity.mime.AbstractMultipartForm.doWriteTo(AbstractMultipartForm.java:134)
at org.apache.http.entity.mime.AbstractMultipartForm.writeTo(AbstractMultipartForm.java:157)
at org.apache.http.entity.mime.MultipartFormEntity.writeTo(MultipartFormEntity.java:103)
at org.apache.http.HttpEntity$writeTo$4.call(Unknown Source)
at io.restassured.internal.multipart.RestAssuredMultiPartEntity.writeTo(RestAssuredMultiPartEntity.groovy:110)
at org.apache.http.entity.HttpEntityWrapper.writeTo(HttpEntityWrapper.java:94)
at org.apache.http.impl.client.EntityEnclosingRequestWrapper$EntityWrapper.writeTo(EntityEnclosingRequestWrapper.java:110)
at org.apache.http.impl.entity.EntitySerializer.serialize(EntitySerializer.java:118)
at org.apache.http.impl.AbstractHttpClientConnection.sendRequestEntity(AbstractHttpClientConnection.java:263)
at org.apache.http.impl.conn.ManagedClientConnectionImpl.sendRequestEntity(ManagedClientConnectionImpl.java:214)
at org.apache.http.protocol.HttpRequestExecutor.doSendRequest(HttpRequestExecutor.java:238)
at org.apache.http.protocol.HttpRequestExecutor.execute(HttpRequestExecutor.java:123)
at org.apache.http.impl.client.DefaultRequestDirector.tryExecute(DefaultRequestDirector.java:684)
at org.apache.http.impl.client.DefaultRequestDirector.execute(DefaultRequestDirector.java:486)
at org.apache.http.impl.client.AbstractHttpClient.doExecute(AbstractHttpClient.java:835)
at org.apache.http.impl.client.CloseableHttpClient.execute(CloseableHttpClient.java:83)
at org.apache.http.impl.client.CloseableHttpClient.execute(CloseableHttpClient.java:56)
at org.apache.http.client.HttpClient$execute$0.call(Unknown Source)
at org.codehaus.groovy.runtime.callsite.CallSiteArray.defaultCall(CallSiteArray.java:48)
at org.codehaus.groovy.runtime.callsite.AbstractCallSite.call(AbstractCallSite.java:113)
at org.codehaus.groovy.runtime.callsite.AbstractCallSite.call(AbstractCallSite.java:133)
at io.restassured.internal.RequestSpecificationImpl$RestAssuredHttpBuilder.doRequest(RequestSpecificationImpl.groovy:2141)
at io.restassured.internal.http.HTTPBuilder.post(HTTPBuilder.java:349)
at io.restassured.internal.http.HTTPBuilder$post$2.call(Unknown Source)
at org.codehaus.groovy.runtime.callsite.CallSiteArray.defaultCall(CallSiteArray.java:48)
at org.codehaus.groovy.runtime.callsite.AbstractCallSite.call(AbstractCallSite.java:113)
at org.codehaus.groovy.runtime.callsite.AbstractCallSite.call(AbstractCallSite.java:133)
at io.restassured.internal.RequestSpecificationImpl.sendRequest(RequestSpecificationImpl.groovy:1274)
at sun.reflect.NativeMethodAccessorImpl.invoke0(Native Method)
at sun.reflect.NativeMethodAccessorImpl.invoke(Unknown Source)
at sun.reflect.DelegatingMethodAccessorImpl.invoke(Unknown Source)
at java.lang.reflect.Method.invoke(Unknown Source)
at org.codehaus.groovy.reflection.CachedMethod.invoke(CachedMethod.java:93)
at groovy.lang.MetaMethod.doMethodInvoke(MetaMethod.java:325)
at groovy.lang.MetaClassImpl.invokeMethod(MetaClassImpl.java:1213)
at groovy.lang.MetaClassImpl.invokeMethod(MetaClassImpl.java:1022)
at groovy.lang.MetaClassImpl.invokeMethod(MetaClassImpl.java:810)
at io.restassured.internal.RequestSpecificationImpl.invokeMethod(RequestSpecificationImpl.groovy)
at org.codehaus.groovy.runtime.callsite.PogoInterceptableSite.call(PogoInterceptableSite.java:48)
at org.codehaus.groovy.runtime.callsite.CallSiteArray.defaultCall(CallSiteArray.java:48)
at org.codehaus.groovy.runtime.callsite.AbstractCallSite.call(AbstractCallSite.java:113)
at org.codehaus.groovy.runtime.callsite.AbstractCallSite.call(AbstractCallSite.java:149)
at io.restassured.internal.filter.SendRequestFilter.filter(SendRequestFilter.groovy:30)
at io.restassured.filter.Filter$filter$0.call(Unknown Source)
at org.codehaus.groovy.runtime.callsite.CallSiteArray.defaultCall(CallSiteArray.java:48)
at io.restassured.filter.Filter$filter.call(Unknown Source)
at io.restassured.internal.filter.FilterContextImpl.next(FilterContextImpl.groovy:72)
at io.restassured.filter.time.TimingFilter.filter(TimingFilter.java:56)
at io.restassured.filter.Filter$filter.call(Unknown Source)
at org.codehaus.groovy.runtime.callsite.CallSiteArray.defaultCall(CallSiteArray.java:48)
at org.codehaus.groovy.runtime.callsite.AbstractCallSite.call(AbstractCallSite.java:113)
at org.codehaus.groovy.runtime.callsite.AbstractCallSite.call(AbstractCallSite.java:141)
at io.restassured.internal.filter.FilterContextImpl.next(FilterContextImpl.groovy:72)
at io.restassured.filter.FilterContext$next.call(Unknown Source)
at org.codehaus.groovy.runtime.callsite.CallSiteArray.defaultCall(CallSiteArray.java:48)
at org.codehaus.groovy.runtime.callsite.AbstractCallSite.call(AbstractCallSite.java:113)
at org.codehaus.groovy.runtime.callsite.AbstractCallSite.call(AbstractCallSite.java:133)
at io.restassured.internal.RequestSpecificationImpl.applyPathParamsAndSendRequest(RequestSpecificationImpl.groovy:1744)
at sun.reflect.NativeMethodAccessorImpl.invoke0(Native Method)
at sun.reflect.NativeMethodAccessorImpl.invoke(Unknown Source)
at sun.reflect.DelegatingMethodAccessorImpl.invoke(Unknown Source)
at java.lang.reflect.Method.invoke(Unknown Source)
at org.codehaus.groovy.reflection.CachedMethod.invoke(CachedMethod.java:93)
at groovy.lang.MetaMethod.doMethodInvoke(MetaMethod.java:325)
at groovy.lang.MetaClassImpl.invokeMethod(MetaClassImpl.java:1213)
at groovy.lang.MetaClassImpl.invokeMethod(MetaClassImpl.java:1022)
at groovy.lang.MetaClassImpl.invokeMethod(MetaClassImpl.java:810)
at io.restassured.internal.RequestSpecificationImpl.invokeMethod(RequestSpecificationImpl.groovy)
at org.codehaus.groovy.runtime.callsite.PogoInterceptableSite.call(PogoInterceptableSite.java:48)
at org.codehaus.groovy.runtime.callsite.PogoInterceptableSite.callCurrent(PogoInterceptableSite.java:58)
at org.codehaus.groovy.runtime.callsite.CallSiteArray.defaultCallCurrent(CallSiteArray.java:52)
at org.codehaus.groovy.runtime.callsite.AbstractCallSite.callCurrent(AbstractCallSite.java:154)
at org.codehaus.groovy.runtime.callsite.AbstractCallSite.callCurrent(AbstractCallSite.java:182)
at io.restassured.internal.RequestSpecificationImpl.applyPathParamsAndSendRequest(RequestSpecificationImpl.groovy:1750)
at sun.reflect.NativeMethodAccessorImpl.invoke0(Native Method)
at sun.reflect.NativeMethodAccessorImpl.invoke(Unknown Source)
at sun.reflect.DelegatingMethodAccessorImpl.invoke(Unknown Source)
at java.lang.reflect.Method.invoke(Unknown Source)
at org.codehaus.groovy.reflection.CachedMethod.invoke(CachedMethod.java:93)
at groovy.lang.MetaMethod.doMethodInvoke(MetaMethod.java:325)
at groovy.lang.MetaClassImpl.invokeMethod(MetaClassImpl.java:1213)
at groovy.lang.MetaClassImpl.invokeMethod(MetaClassImpl.java:1022)
at groovy.lang.MetaClassImpl.invokeMethod(MetaClassImpl.java:810)
at io.restassured.internal.RequestSpecificationImpl.invokeMethod(RequestSpecificationImpl.groovy)
at org.codehaus.groovy.runtime.callsite.PogoInterceptableSite.call(PogoInterceptableSite.java:48)
at org.codehaus.groovy.runtime.callsite.PogoInterceptableSite.callCurrent(PogoInterceptableSite.java:58)
at org.codehaus.groovy.runtime.callsite.CallSiteArray.defaultCallCurrent(CallSiteArray.java:52)
at org.codehaus.groovy.runtime.callsite.AbstractCallSite.callCurrent(AbstractCallSite.java:154)
at org.codehaus.groovy.runtime.callsite.AbstractCallSite.callCurrent(AbstractCallSite.java:182)
at io.restassured.internal.RequestSpecificationImpl.post(RequestSpecificationImpl.groovy:175)
at io.restassured.internal.RequestSpecificationImpl.post(RequestSpecificationImpl.groovy)
at RestAPI.testing.JsonPath_PRACTICE2.PostAMedia(JsonPath_PRACTICE2.java:191)
at sun.reflect.NativeMethodAccessorImpl.invoke0(Native Method)
at sun.reflect.NativeMethodAccessorImpl.invoke(Unknown Source)
at sun.reflect.DelegatingMethodAccessorImpl.invoke(Unknown Source)
at java.lang.reflect.Method.invoke(Unknown Source)
at org.testng.internal.MethodInvocationHelper.invokeMethod(MethodInvocationHelper.java:124)
at org.testng.internal.Invoker.invokeMethod(Invoker.java:580)
at org.testng.internal.Invoker.invokeTestMethod(Invoker.java:716)
at org.testng.internal.Invoker.invokeTestMethods(Invoker.java:988)
at org.testng.internal.TestMethodWorker.invokeTestMethods(TestMethodWorker.java:125)
at org.testng.internal.TestMethodWorker.run(TestMethodWorker.java:109)
at org.testng.TestRunner.privateRun(TestRunner.java:648)
at org.testng.TestRunner.run(TestRunner.java:505)
at org.testng.SuiteRunner.runTest(SuiteRunner.java:455)
at org.testng.SuiteRunner.runSequentially(SuiteRunner.java:450)
at org.testng.SuiteRunner.privateRun(SuiteRunner.java:415)
at org.testng.SuiteRunner.run(SuiteRunner.java:364)
at org.testng.SuiteRunnerWorker.runSuite(SuiteRunnerWorker.java:52)
at org.testng.SuiteRunnerWorker.run(SuiteRunnerWorker.java:84)
at org.testng.TestNG.runSuitesSequentially(TestNG.java:1208)
at org.testng.TestNG.runSuitesLocally(TestNG.java:1137)
at org.testng.TestNG.runSuites(TestNG.java:1049)
at org.testng.TestNG.run(TestNG.java:1017)
at org.testng.remote.AbstractRemoteTestNG.run(AbstractRemoteTestNG.java:114)
at org.testng.remote.RemoteTestNG.initAndRun(RemoteTestNG.java:251)
at org.testng.remote.RemoteTestNG.main(RemoteTestNG.java:77)
]]>
    </error>
  </testcase> <!-- PostAMedia -->
  <testcase name="driver" time="0.632" classname="RestAPI.testing.JsonPath_PRACTICE2">
    <error type="com.fasterxml.jackson.databind.JsonMappingException" message="Illegal unquoted character ((CTRL-CHAR, code 10)): has to be escaped using backslash to be included in string value
 at [Source: (String)&quot;[
	{
		&quot;driverId&quot;:&quot;unlimit&quot;,
		&quot;url&quot;:&quot;http://en.wikipedia.org/wiki/Carlo_Mario_Abate&quot;,
		&quot;givenName&quot;:&quot;Carlo&quot;,
		&quot;familyName&quot;:&quot;sdfasdf&quot;,
		&quot;dateOfBirth&quot;:&quot;1932-07-10&quot;,
		&quot;nationality&quot;:&quot;Italian
	}
]&quot;; line: 8, column: 26]
 at [Source: (String)&quot;[
	{
		&quot;driverId&quot;:&quot;unlimit&quot;,
		&quot;url&quot;:&quot;http://en.wikipedia.org/wiki/Carlo_Mario_Abate&quot;,
		&quot;givenName&quot;:&quot;Carlo&quot;,
		&quot;familyName&quot;:&quot;sdfasdf&quot;,
		&quot;dateOfBirth&quot;:&quot;1932-07-10&quot;,
		&quot;nationality&quot;:&quot;Italian
	}
]&quot;; line: 8, column: 17] (through reference chain: java.lang.Object[][0]-&gt;RestAPI.users.Driver[&quot;nationality&quot;])">
      <![CDATA[com.fasterxml.jackson.databind.JsonMappingException: Illegal unquoted character ((CTRL-CHAR, code 10)): has to be escaped using backslash to be included in string value
 at [Source: (String)"[
{
"driverId":"unlimit",
"url":"http://en.wikipedia.org/wiki/Carlo_Mario_Abate",
"givenName":"Carlo",
"familyName":"sdfasdf",
"dateOfBirth":"1932-07-10",
"nationality":"Italian
}
]"; line: 8, column: 26]
 at [Source: (String)"[
{
"driverId":"unlimit",
"url":"http://en.wikipedia.org/wiki/Carlo_Mario_Abate",
"givenName":"Carlo",
"familyName":"sdfasdf",
"dateOfBirth":"1932-07-10",
"nationality":"Italian
}
]"; line: 8, column: 17] (through reference chain: java.lang.Object[][0]->RestAPI.users.Driver["nationality"])
at com.fasterxml.jackson.databind.JsonMappingException.wrapWithPath(JsonMappingException.java:391)
at com.fasterxml.jackson.databind.JsonMappingException.wrapWithPath(JsonMappingException.java:351)
at com.fasterxml.jackson.databind.deser.BeanDeserializerBase.wrapAndThrow(BeanDeserializerBase.java:1711)
at com.fasterxml.jackson.databind.deser.BeanDeserializer.vanillaDeserialize(BeanDeserializer.java:290)
at com.fasterxml.jackson.databind.deser.BeanDeserializer.deserialize(BeanDeserializer.java:151)
at com.fasterxml.jackson.databind.deser.std.ObjectArrayDeserializer.deserialize(ObjectArrayDeserializer.java:195)
at com.fasterxml.jackson.databind.deser.std.ObjectArrayDeserializer.deserialize(ObjectArrayDeserializer.java:21)
at com.fasterxml.jackson.databind.ObjectMapper._readMapAndClose(ObjectMapper.java:4013)
at com.fasterxml.jackson.databind.ObjectMapper.readValue(ObjectMapper.java:3004)
at RestAPI.testing.JsonPath_PRACTICE2.driver(JsonPath_PRACTICE2.java:161)
at sun.reflect.NativeMethodAccessorImpl.invoke0(Native Method)
at sun.reflect.NativeMethodAccessorImpl.invoke(Unknown Source)
at sun.reflect.DelegatingMethodAccessorImpl.invoke(Unknown Source)
at java.lang.reflect.Method.invoke(Unknown Source)
at org.testng.internal.MethodInvocationHelper.invokeMethod(MethodInvocationHelper.java:124)
at org.testng.internal.Invoker.invokeMethod(Invoker.java:580)
at org.testng.internal.Invoker.invokeTestMethod(Invoker.java:716)
at org.testng.internal.Invoker.invokeTestMethods(Invoker.java:988)
at org.testng.internal.TestMethodWorker.invokeTestMethods(TestMethodWorker.java:125)
at org.testng.internal.TestMethodWorker.run(TestMethodWorker.java:109)
at org.testng.TestRunner.privateRun(TestRunner.java:648)
at org.testng.TestRunner.run(TestRunner.java:505)
at org.testng.SuiteRunner.runTest(SuiteRunner.java:455)
at org.testng.SuiteRunner.runSequentially(SuiteRunner.java:450)
at org.testng.SuiteRunner.privateRun(SuiteRunner.java:415)
at org.testng.SuiteRunner.run(SuiteRunner.java:364)
at org.testng.SuiteRunnerWorker.runSuite(SuiteRunnerWorker.java:52)
at org.testng.SuiteRunnerWorker.run(SuiteRunnerWorker.java:84)
at org.testng.TestNG.runSuitesSequentially(TestNG.java:1208)
at org.testng.TestNG.runSuitesLocally(TestNG.java:1137)
at org.testng.TestNG.runSuites(TestNG.java:1049)
at org.testng.TestNG.run(TestNG.java:1017)
at org.testng.remote.AbstractRemoteTestNG.run(AbstractRemoteTestNG.java:114)
at org.testng.remote.RemoteTestNG.initAndRun(RemoteTestNG.java:251)
at org.testng.remote.RemoteTestNG.main(RemoteTestNG.java:77)
Caused by: com.fasterxml.jackson.core.JsonParseException: Illegal unquoted character ((CTRL-CHAR, code 10)): has to be escaped using backslash to be included in string value
 at [Source: (String)"[
{
"driverId":"unlimit",
"url":"http://en.wikipedia.org/wiki/Carlo_Mario_Abate",
"givenName":"Carlo",
"familyName":"sdfasdf",
"dateOfBirth":"1932-07-10",
"nationality":"Italian
}
]"; line: 8, column: 26]
at com.fasterxml.jackson.core.JsonParser._constructError(JsonParser.java:1804)
at com.fasterxml.jackson.core.base.ParserMinimalBase._reportError(ParserMinimalBase.java:669)
at com.fasterxml.jackson.core.base.ParserMinimalBase._throwUnquotedSpace(ParserMinimalBase.java:633)
at com.fasterxml.jackson.core.json.ReaderBasedJsonParser._finishString2(ReaderBasedJsonParser.java:2045)
at com.fasterxml.jackson.core.json.ReaderBasedJsonParser._finishString(ReaderBasedJsonParser.java:2016)
at com.fasterxml.jackson.core.json.ReaderBasedJsonParser.getText(ReaderBasedJsonParser.java:278)
at com.fasterxml.jackson.databind.deser.std.StringDeserializer.deserialize(StringDeserializer.java:35)
at com.fasterxml.jackson.databind.deser.std.StringDeserializer.deserialize(StringDeserializer.java:10)
at com.fasterxml.jackson.databind.deser.impl.MethodProperty.deserializeAndSet(MethodProperty.java:127)
at com.fasterxml.jackson.databind.deser.BeanDeserializer.vanillaDeserialize(BeanDeserializer.java:288)
... 31 more
]]>
    </error>
  </testcase> <!-- driver -->
</testsuite> <!-- RestAPI.testing.JsonPath_PRACTICE2 -->
