<?xml version="1.0" encoding="UTF-8"?>
<!-- Generated by org.testng.reporters.JUnitReportReporter -->
<testsuite skipped="0" hostname="DESKTOP-C9OMQNM" name="RestAPI.testing.test2" tests="1" failures="0" timestamp="21 Aug 2018 18:05:34 GMT" time="2.908" errors="0">
  <testcase name="test4" time="2.908" classname="RestAPI.testing.test2"/>
</testsuite> <!-- RestAPI.testing.test2 -->
