<?xml version="1.0" encoding="UTF-8"?>
<!-- Generated by org.testng.reporters.JUnitReportReporter -->
<testsuite skipped="0" hostname="DESKTOP-C9OMQNM" name="RestAPI.testing.userAction" tests="1" failures="0" timestamp="25 Aug 2018 18:58:17 GMT" time="2.515" errors="0">
  <testcase name="publicUser_ShouldNotBeAbleto_View_ExistingUser_otherThanAdmin" time="2.515" classname="RestAPI.testing.userAction"/>
</testsuite> <!-- RestAPI.testing.userAction -->
