<?xml version="1.0" encoding="UTF-8"?>
<!-- Generated by org.testng.reporters.JUnitReportReporter -->
<testsuite skipped="0" hostname="DESKTOP-C9OMQNM" name="RestAPI.testing.RestTest" tests="6" failures="0" timestamp="23 Aug 2018 00:33:24 GMT" time="4.476" errors="0">
  <testcase name="idTest" time="0.978" classname="RestAPI.testing.RestTest"/>
  <testcase name="secondTest" time="0.508" classname="RestAPI.testing.RestTest"/>
  <testcase name="idTest_withLogDetail" time="0.577" classname="RestAPI.testing.RestTest"/>
  <testcase name="idTest_withLogDetail2" time="0.518" classname="RestAPI.testing.RestTest"/>
  <testcase name="Four_Test" time="1.690" classname="RestAPI.testing.RestTest"/>
  <testcase name="firstTest" time="0.205" classname="RestAPI.testing.RestTest"/>
</testsuite> <!-- RestAPI.testing.RestTest -->
