<?xml version="1.0" encoding="UTF-8"?>
<!-- Generated by org.testng.reporters.JUnitReportReporter -->
<testsuite skipped="0" hostname="DESKTOP-C9OMQNM" name="RestAPI.testing.JSONPath" tests="1" failures="0" timestamp="25 Aug 2018 20:41:09 GMT" time="2.268" errors="0">
  <testcase name="testJSONPath" time="2.268" classname="RestAPI.testing.JSONPath"/>
</testsuite> <!-- RestAPI.testing.JSONPath -->
